	adjbuild.x	"../adjlist.h"
	adjclose.x	"../adjlist.h"
	adjopen.x	
	adjtags.x	"../adjlist.h"
	adjweb.x	"../adjlist.h"
	bandmul.x	
	barlam.x	
	calcnoise.x	"calcnoise.h"
	chkform.x	
	choplim.x	
	compnoise.x	<ctype.h>  "calcnoise.h"  "compnoise.com"  "compnoise.com"  "compnoise.com"  "compnoise.com"  "compnoise.com"
	efflam.x	
	effstim.x	
	effstim2.x	
	errform.x	
	errphot.x	
	expcompile.x	
	exprewrite.x	
	fibappend.x	
	fillexpr.x	<ctype.h>
	fwhmlam2.x	
	getnaked.x	
	getnode.x	<ctype.h>  "../adjlist.h"
	getnoise.x	<math.h>
	getresid.x	
	getwavelen.x	<tbset.h>  <synphot.h>
	goodfit.x	
	grfbuild.x	"../grflist.h"
	grfclose.x	"../grflist.h"
	grfopen.x	
	histplot.x	
	intcompare.x	
	label.x		<gset.h>
	list.x		
	listwave.x	<tbset.h>  "../limit.h"
	loadgraf.x	<tbset.h>
	makename.x	
	mergesort.x	
	monolam.x	
	nexttok.x	<ctype.h>
	nodeorder.x	"../adjlist.h"
	peaklam.x	
	photrate.x	
	pivlam2.x	
	pltbox.x	<gset.h>  <mach.h>  "../limit.h"
	plwaveset.x	"../limit.h"
	printerr.x	
	qtlam.x		
	rdfittab.x	<tbset.h>
	rdnoise.x	
	setlimit.x	"../limit.h"
	setmarker.x	<gset.h>
	setphotform.x	
	sortgraf.x	
	splitexp.x	
	strcompare.x	
	syncalc2.x	
	synvar.x	
	vzero.x		<ctype.h>  "vzero.com"  "vzero.com"  "vzero.com"  "vzero.com"  "vzero.com"  "vzero.com"
	widthlam.x	
	wrtcommand.x	
	wrtfittab.x	<tbset.h>
