This is TeX, Version 3.1415 (C version 6.1) (format=lplain 95.12.11)  10 MAY 1996 16:49
**26108_images.tex
(26108_images.tex
LaTeX Version 2.09 <7 Dec 1989>

(/usr/local/lib/tex/inputs/latex209/article.sty
Document Style `article' <16 Mar 88>.
(/usr/local/lib/tex/inputs/latex209/art12.sty)
\c@part=\count79
\c@section=\count80
\c@subsection=\count81
\c@subsubsection=\count82
\c@paragraph=\count83
\c@subparagraph=\count84
\c@figure=\count85
\c@table=\count86
) (/usr/local/lib/tex/inputs/latex209/times.sty (/usr/local/lib/tex/inputs/late
x209/psfonts.sty
\@cmrfam=\fam11
\@cmrscale=\count87
\aadimen=\dimen99
(/usr/local/lib/tex/inputs/latex209/psttsbfs.sty
\ttsfam=\fam12
\bfsfam=\fam13
) (/usr/local/lib/tex/inputs/latex209/psgreek.sty) (/usr/local/lib/tex/inputs/l
atex209/monster.sty))) (/usr/local/lib/tex/inputs/latex209/psfig.sty
\@unused=\write3
\ps@stream=\read0
\p@intvaluex=\dimen100
\p@intvaluey=\dimen101
psfig/tex 1.10-dvips
) (26108_images.aux) [1


] (26108_images.aux) ) 
Here is how much of TeX's memory you used:
 468 strings out of 11984
 4558 string characters out of 87240
 30885 words of memory out of 262141
 2397 multiletter control sequences out of 9500
 29518 words of font info for 109 fonts, out of 100000 for 255
 14 hyphenation exceptions out of 607
 12i,4n,17p,194b,111s stack positions out of 300i,40n,60p,3000b,4000s

Output written on 26108_images.dvi (1 page, 436 bytes).
