This is TeX, Version 3.1415 (C version 6.1) (format=lplain 95.12.11)  21 AUG 1996 10:27
**hstio
(hstio.tex
LaTeX Version 2.09 <7 Dec 1989>
(/usr/local/lib/tex/inputs/latex209/article.sty
Document Style `article' <16 Mar 88>.
(/usr/local/lib/tex/inputs/latex209/art12.sty)
\c@part=\count79
\c@section=\count80
\c@subsection=\count81
\c@subsubsection=\count82
\c@paragraph=\count83
\c@subparagraph=\count84
\c@figure=\count85
\c@table=\count86
)
(/usr/local/lib/tex/inputs/latex209/times.sty
(/usr/local/lib/tex/inputs/latex209/psfonts.sty
\@cmrfam=\fam11
\@cmrscale=\count87
\aadimen=\dimen99

(/usr/local/lib/tex/inputs/latex209/psttsbfs.sty
\ttsfam=\fam12
\bfsfam=\fam13
)
(/usr/local/lib/tex/inputs/latex209/psgreek.sty)
(/usr/local/lib/tex/inputs/latex209/monster.sty)))
(/usr/local/lib/tex/inputs/latex209/psfig.sty
\@unused=\write3
\ps@stream=\read0
\p@intvaluex=\dimen100
\p@intvaluey=\dimen101

psfig/tex 1.10-dvips
) (hstio.aux) [1

] [2] [3] [4]
Overfull \hbox (0.64531pt too wide) in paragraph at lines 549--549
[]    \\ptt8 285:    int putFloatHD(char *filename, char *extname, int extver, 
FloatHdrData *, int option);[] 

\hbox(5.0+1.256)x469.75499
.\hbox(0.0+0.0)x0.0
.\penalty 10000
.\glue 4.8
.\penalty 10000
.\glue 4.8
.etc.


Overfull \hbox (0.64531pt too wide) in paragraph at lines 549--549
[]    \\ptt8 287:    int putShortHD(char *filename, char *extname, int extver, 
ShortHdrData *, int option);[] 

\hbox(5.0+1.256)x469.75499
.\hbox(0.0+0.0)x0.0
.\penalty 10000
.\glue 4.8
.\penalty 10000
.\glue 4.8
.etc.

[5] [6] [7] [8] [9] [10] [11] [12] [13] [14] [15] [16] [17] [18] [19] [20]
[21] (hstio.aux) ) 
Here is how much of TeX's memory you used:
 495 strings out of 11984
 4678 string characters out of 87240
 66918 words of memory out of 262141
 2423 multiletter control sequences out of 9500
 39080 words of font info for 126 fonts, out of 100000 for 255
 14 hyphenation exceptions out of 607
 15i,6n,24p,188b,358s stack positions out of 300i,40n,60p,3000b,4000s

Output written on hstio.dvi (21 pages, 58560 bytes).
